<?xml version="1.0" encoding="UTF-8"?>
<!-- Generated by org.testng.reporters.JUnitReportReporter -->
<testsuite hostname="user-Latitude-3440" failures="0" tests="4" name="testCases.TC_ContactUs" time="17.951" errors="0" timestamp="2025-07-22T22:58:48 IST" skipped="0">
  <testcase classname="testCases.TC_ContactUs" name="Tc_contactus" time="2.732"/>
  <testcase classname="testCases.TC_ContactUs" name="Tc_contactus" time="9.295"/>
  <testcase classname="testCases.TC_ContactUs" name="Tc_contactus" time="2.769"/>
  <testcase classname="testCases.TC_ContactUs" name="Tc_contactus" time="3.155"/>
</testsuite> <!-- testCases.TC_ContactUs -->
