<?xml version="1.0" encoding="UTF-8"?>
<!-- Generated by org.testng.reporters.JUnitReportReporter -->
<testsuite hostname="user-Latitude-3440" failures="0" tests="4" name="testCases.TC_ContactUs" time="5.110" errors="0" timestamp="2025-07-23T09:10:01 IST" skipped="0">
  <testcase classname="testCases.TC_ContactUs" name="Tc_contactus" time="1.533"/>
  <testcase classname="testCases.TC_ContactUs" name="Tc_contactus" time="1.189"/>
  <testcase classname="testCases.TC_ContactUs" name="Tc_contactus" time="1.202"/>
  <testcase classname="testCases.TC_ContactUs" name="Tc_contactus" time="1.186"/>
</testsuite> <!-- testCases.TC_ContactUs -->
