<?xml version="1.0" encoding="UTF-8"?>
<!-- Generated by org.testng.reporters.JUnitReportReporter -->
<testsuite hostname="user-Latitude-3440" failures="0" tests="4" name="testCases.TC_ContactUs" time="15.659" errors="0" timestamp="2025-07-21T00:32:28 IST" skipped="0">
  <testcase classname="testCases.TC_ContactUs" name="Tc_contactus" time="2.725"/>
  <testcase classname="testCases.TC_ContactUs" name="Tc_contactus" time="2.701"/>
  <testcase classname="testCases.TC_ContactUs" name="Tc_contactus" time="2.586"/>
  <testcase classname="testCases.TC_ContactUs" name="Tc_contactus" time="7.647"/>
</testsuite> <!-- testCases.TC_ContactUs -->
