<?xml version="1.0" encoding="UTF-8"?>
<!-- Generated by org.testng.reporters.JUnitReportReporter -->
<testsuite hostname="user-Latitude-3440" failures="0" tests="4" name="testCases.TC_ContactUs" time="6.513" errors="0" timestamp="2025-08-31T11:31:26 IST" skipped="0">
  <testcase classname="testCases.TC_ContactUs" name="Tc_contactus" time="1.716"/>
  <testcase classname="testCases.TC_ContactUs" name="Tc_contactus" time="1.560"/>
  <testcase classname="testCases.TC_ContactUs" name="Tc_contactus" time="1.616"/>
  <testcase classname="testCases.TC_ContactUs" name="Tc_contactus" time="1.621"/>
</testsuite> <!-- testCases.TC_ContactUs -->
