<?xml version="1.0" encoding="UTF-8"?>
<!-- Generated by org.testng.reporters.JUnitReportReporter -->
<testsuite hostname="user-Latitude-3440" failures="0" tests="2" name="testCases.TC_001Registration" time="17.136" errors="0" timestamp="2025-08-31T11:31:26 IST" skipped="0">
  <testcase classname="testCases.TC_001Registration" name="testRegData" time="12.215"/>
  <testcase classname="testCases.TC_001Registration" name="testRegData" time="4.921"/>
</testsuite> <!-- testCases.TC_001Registration -->
