<?xml version="1.0" encoding="UTF-8"?>
<!-- Generated by org.testng.reporters.JUnitReportReporter -->
<testsuite hostname="user-Latitude-3440" failures="0" tests="4" name="testCases.TC_003_LoginDDT" time="39.382" errors="0" timestamp="2025-08-31T11:31:26 IST" skipped="0">
  <testcase classname="testCases.TC_003_LoginDDT" name="test_LoginDDT" time="11.681"/>
  <testcase classname="testCases.TC_003_LoginDDT" name="test_LoginDDT" time="12.051"/>
  <testcase classname="testCases.TC_003_LoginDDT" name="test_LoginDDT" time="2.706"/>
  <testcase classname="testCases.TC_003_LoginDDT" name="test_LoginDDT" time="12.944"/>
</testsuite> <!-- testCases.TC_003_LoginDDT -->
