<?xml version="1.0" encoding="UTF-8"?>
<!-- Generated by org.testng.reporters.JUnitReportReporter -->
<testsuite hostname="user-Latitude-3440" failures="0" tests="4" name="testCases.TC_ContactUs" time="5.635" errors="0" timestamp="2025-07-23T13:07:40 IST" skipped="0">
  <testcase classname="testCases.TC_ContactUs" name="Tc_contactus" time="1.432"/>
  <testcase classname="testCases.TC_ContactUs" name="Tc_contactus" time="1.369"/>
  <testcase classname="testCases.TC_ContactUs" name="Tc_contactus" time="1.432"/>
  <testcase classname="testCases.TC_ContactUs" name="Tc_contactus" time="1.402"/>
</testsuite> <!-- testCases.TC_ContactUs -->
