<?xml version="1.0" encoding="UTF-8"?>
<!-- Generated by org.testng.reporters.JUnitReportReporter -->
<testsuite hostname="user-Latitude-3440" failures="0" tests="4" name="testCases.TC_ContactUs" time="6.063" errors="0" timestamp="2025-07-23T13:16:02 IST" skipped="0">
  <testcase classname="testCases.TC_ContactUs" name="Tc_contactus" time="1.522"/>
  <testcase classname="testCases.TC_ContactUs" name="Tc_contactus" time="1.507"/>
  <testcase classname="testCases.TC_ContactUs" name="Tc_contactus" time="1.650"/>
  <testcase classname="testCases.TC_ContactUs" name="Tc_contactus" time="1.384"/>
</testsuite> <!-- testCases.TC_ContactUs -->
