<?xml version="1.0" encoding="UTF-8"?>
<!-- Generated by org.testng.reporters.JUnitReportReporter -->
<testsuite hostname="user-Latitude-3440" failures="0" tests="4" name="testCases.TC_ContactUs" time="14.622" errors="0" timestamp="2025-07-21T02:09:36 IST" skipped="0">
  <testcase classname="testCases.TC_ContactUs" name="Tc_contactus" time="3.395"/>
  <testcase classname="testCases.TC_ContactUs" name="Tc_contactus" time="3.828"/>
  <testcase classname="testCases.TC_ContactUs" name="Tc_contactus" time="3.607"/>
  <testcase classname="testCases.TC_ContactUs" name="Tc_contactus" time="3.792"/>
</testsuite> <!-- testCases.TC_ContactUs -->
