<?xml version="1.0" encoding="UTF-8"?>
<!-- Generated by org.testng.reporters.JUnitReportReporter -->
<testsuite hostname="user-Latitude-3440" failures="0" tests="4" name="testCases.TC_003_LoginDDT" time="41.882" errors="0" timestamp="2025-08-31T12:11:08 IST" skipped="0">
  <testcase classname="testCases.TC_003_LoginDDT" name="test_LoginDDT" time="3.258"/>
  <testcase classname="testCases.TC_003_LoginDDT" name="test_LoginDDT" time="11.845"/>
  <testcase classname="testCases.TC_003_LoginDDT" name="test_LoginDDT" time="15.485"/>
  <testcase classname="testCases.TC_003_LoginDDT" name="test_LoginDDT" time="11.294"/>
</testsuite> <!-- testCases.TC_003_LoginDDT -->
