<?xml version="1.0" encoding="UTF-8"?>
<!-- Generated by org.testng.reporters.JUnitReportReporter -->
<testsuite hostname="user-Latitude-3440" failures="0" tests="2" name="testCases.TC_001Registration" time="7.454" errors="0" timestamp="2025-08-31T12:11:08 IST" skipped="0">
  <testcase classname="testCases.TC_001Registration" name="testRegData" time="3.979"/>
  <testcase classname="testCases.TC_001Registration" name="testRegData" time="3.475"/>
</testsuite> <!-- testCases.TC_001Registration -->
