<?xml version="1.0" encoding="UTF-8"?>
<!-- Generated by org.testng.reporters.JUnitReportReporter -->
<testsuite hostname="user-Latitude-3440" failures="0" tests="4" name="testCases.TC_ContactUs" time="6.500" errors="0" timestamp="2025-08-31T12:11:08 IST" skipped="0">
  <testcase classname="testCases.TC_ContactUs" name="Tc_contactus" time="1.712"/>
  <testcase classname="testCases.TC_ContactUs" name="Tc_contactus" time="1.538"/>
  <testcase classname="testCases.TC_ContactUs" name="Tc_contactus" time="1.599"/>
  <testcase classname="testCases.TC_ContactUs" name="Tc_contactus" time="1.651"/>
</testsuite> <!-- testCases.TC_ContactUs -->
